[0.029s] Invoking command in '/home/radxa/turtlebot3_ws/build/turtlebot3_navigation2': CMAKE_PREFIX_PATH=${CMAKE_PREFIX_PATH}:/opt/ros/jazzy /usr/bin/cmake /home/radxa/turtlebot3_ws/src/turtlebot3/turtlebot3_navigation2 -DAMENT_CMAKE_SYMLINK_INSTALL=1 -DCMAKE_INSTALL_PREFIX=/home/radxa/turtlebot3_ws/install/turtlebot3_navigation2
[0.561s] -- The C compiler identification is GNU 13.3.0
[0.974s] -- The CXX compiler identification is GNU 13.3.0
[1.016s] -- Detecting C compiler ABI info
[1.213s] -- Detecting C compiler ABI info - done
[1.228s] -- Check for working C compiler: /usr/bin/cc - skipped
[1.230s] -- Detecting C compile features
[1.233s] -- Detecting C compile features - done
[1.245s] -- Detecting CXX compiler ABI info
[1.449s] -- Detecting CXX compiler ABI info - done
[1.467s] -- Check for working CXX compiler: /usr/bin/c++ - skipped
[1.467s] -- Detecting CXX compile features
[1.468s] -- Detecting CXX compile features - done
[1.493s] -- Found ament_cmake: 2.5.4 (/opt/ros/jazzy/share/ament_cmake/cmake)
[1.803s] -- Found Python3: /usr/bin/python3 (found version "3.12.3") found components: Interpreter 
[2.030s] -- Override CMake install command with custom implementation using symlinks instead of copying resources
[2.395s] -- Configuring done (2.2s)
[2.399s] -- Generating done (0.0s)
[2.401s] -- Build files have been written to: /home/radxa/turtlebot3_ws/build/turtlebot3_navigation2
[2.414s] Invoked command in '/home/radxa/turtlebot3_ws/build/turtlebot3_navigation2' returned '0': CMAKE_PREFIX_PATH=${CMAKE_PREFIX_PATH}:/opt/ros/jazzy /usr/bin/cmake /home/radxa/turtlebot3_ws/src/turtlebot3/turtlebot3_navigation2 -DAMENT_CMAKE_SYMLINK_INSTALL=1 -DCMAKE_INSTALL_PREFIX=/home/radxa/turtlebot3_ws/install/turtlebot3_navigation2
[2.420s] Invoking command in '/home/radxa/turtlebot3_ws/build/turtlebot3_navigation2': CMAKE_PREFIX_PATH=${CMAKE_PREFIX_PATH}:/opt/ros/jazzy /usr/bin/cmake --build /home/radxa/turtlebot3_ws/build/turtlebot3_navigation2 -- -j8 -l8
[2.496s] Invoked command in '/home/radxa/turtlebot3_ws/build/turtlebot3_navigation2' returned '0': CMAKE_PREFIX_PATH=${CMAKE_PREFIX_PATH}:/opt/ros/jazzy /usr/bin/cmake --build /home/radxa/turtlebot3_ws/build/turtlebot3_navigation2 -- -j8 -l8
[2.519s] Invoking command in '/home/radxa/turtlebot3_ws/build/turtlebot3_navigation2': CMAKE_PREFIX_PATH=${CMAKE_PREFIX_PATH}:/opt/ros/jazzy /usr/bin/cmake --install /home/radxa/turtlebot3_ws/build/turtlebot3_navigation2
[2.533s] -- Install configuration: ""
[2.533s] -- Execute custom install script
[2.533s] -- Symlinking: /home/radxa/turtlebot3_ws/install/turtlebot3_navigation2/share/turtlebot3_navigation2/launch/navigation2.launch.py
[2.548s] -- Symlinking: /home/radxa/turtlebot3_ws/install/turtlebot3_navigation2/share/turtlebot3_navigation2/map/map.pgm
[2.564s] -- Symlinking: /home/radxa/turtlebot3_ws/install/turtlebot3_navigation2/share/turtlebot3_navigation2/map/map.yaml
[2.582s] -- Symlinking: /home/radxa/turtlebot3_ws/install/turtlebot3_navigation2/share/turtlebot3_navigation2/param/burger.yaml
[2.599s] -- Symlinking: /home/radxa/turtlebot3_ws/install/turtlebot3_navigation2/share/turtlebot3_navigation2/param/burger_cam.yaml
[2.614s] -- Symlinking: /home/radxa/turtlebot3_ws/install/turtlebot3_navigation2/share/turtlebot3_navigation2/param/humble/burger.yaml
[2.632s] -- Symlinking: /home/radxa/turtlebot3_ws/install/turtlebot3_navigation2/share/turtlebot3_navigation2/param/humble/burger_cam.yaml
[2.656s] -- Symlinking: /home/radxa/turtlebot3_ws/install/turtlebot3_navigation2/share/turtlebot3_navigation2/param/humble/waffle.yaml
[2.676s] -- Symlinking: /home/radxa/turtlebot3_ws/install/turtlebot3_navigation2/share/turtlebot3_navigation2/param/humble/waffle_pi.yaml
[2.700s] -- Symlinking: /home/radxa/turtlebot3_ws/install/turtlebot3_navigation2/share/turtlebot3_navigation2/param/waffle.yaml
[2.722s] -- Symlinking: /home/radxa/turtlebot3_ws/install/turtlebot3_navigation2/share/turtlebot3_navigation2/param/waffle_pi.yaml
[2.746s] -- Symlinking: /home/radxa/turtlebot3_ws/install/turtlebot3_navigation2/share/turtlebot3_navigation2/rviz/tb3_navigation2.rviz
[2.762s] -- Symlinking: /home/radxa/turtlebot3_ws/install/turtlebot3_navigation2/share/ament_index/resource_index/package_run_dependencies/turtlebot3_navigation2
[2.790s] -- Symlinking: /home/radxa/turtlebot3_ws/install/turtlebot3_navigation2/share/ament_index/resource_index/parent_prefix_path/turtlebot3_navigation2
[2.810s] -- Symlinking: /home/radxa/turtlebot3_ws/install/turtlebot3_navigation2/share/turtlebot3_navigation2/environment/ament_prefix_path.sh
[2.827s] -- Symlinking: /home/radxa/turtlebot3_ws/install/turtlebot3_navigation2/share/turtlebot3_navigation2/environment/ament_prefix_path.dsv
[2.849s] -- Symlinking: /home/radxa/turtlebot3_ws/install/turtlebot3_navigation2/share/turtlebot3_navigation2/environment/path.sh
[2.868s] -- Symlinking: /home/radxa/turtlebot3_ws/install/turtlebot3_navigation2/share/turtlebot3_navigation2/environment/path.dsv
[2.889s] -- Symlinking: /home/radxa/turtlebot3_ws/install/turtlebot3_navigation2/share/turtlebot3_navigation2/local_setup.bash
[2.908s] -- Symlinking: /home/radxa/turtlebot3_ws/install/turtlebot3_navigation2/share/turtlebot3_navigation2/local_setup.sh
[2.926s] -- Symlinking: /home/radxa/turtlebot3_ws/install/turtlebot3_navigation2/share/turtlebot3_navigation2/local_setup.zsh
[2.945s] -- Symlinking: /home/radxa/turtlebot3_ws/install/turtlebot3_navigation2/share/turtlebot3_navigation2/local_setup.dsv
[2.960s] -- Symlinking: /home/radxa/turtlebot3_ws/install/turtlebot3_navigation2/share/turtlebot3_navigation2/package.dsv
[2.979s] -- Symlinking: /home/radxa/turtlebot3_ws/install/turtlebot3_navigation2/share/ament_index/resource_index/packages/turtlebot3_navigation2
[2.996s] -- Symlinking: /home/radxa/turtlebot3_ws/install/turtlebot3_navigation2/share/turtlebot3_navigation2/cmake/turtlebot3_navigation2Config.cmake
[3.016s] -- Symlinking: /home/radxa/turtlebot3_ws/install/turtlebot3_navigation2/share/turtlebot3_navigation2/cmake/turtlebot3_navigation2Config-version.cmake
[3.039s] -- Symlinking: /home/radxa/turtlebot3_ws/install/turtlebot3_navigation2/share/turtlebot3_navigation2/package.xml
[3.065s] Invoked command in '/home/radxa/turtlebot3_ws/build/turtlebot3_navigation2' returned '0': CMAKE_PREFIX_PATH=${CMAKE_PREFIX_PATH}:/opt/ros/jazzy /usr/bin/cmake --install /home/radxa/turtlebot3_ws/build/turtlebot3_navigation2
