[2.783s] Invoking command in '/home/radxa/turtlebot3_ws/build/turtlebot3_teleop': PYTHONPATH=/home/radxa/turtlebot3_ws/build/turtlebot3_teleop/prefix_override:/usr/lib/python3/dist-packages/colcon_core/task/python/colcon_distutils_commands:/home/radxa/turtlebot3_ws/install/turtlebot3_teleop/lib/python3.12/site-packages:${PYTHONPATH} /usr/bin/python3 -W ignore:setup.py install is deprecated -W ignore:easy_install command is deprecated setup.py develop --editable --build-directory /home/radxa/turtlebot3_ws/build/turtlebot3_teleop/build --no-deps symlink_data
[3.362s] running develop
[3.687s] running egg_info
[3.688s] creating turtlebot3_teleop.egg-info
[3.719s] writing turtlebot3_teleop.egg-info/PKG-INFO
[3.719s] writing dependency_links to turtlebot3_teleop.egg-info/dependency_links.txt
[3.720s] writing entry points to turtlebot3_teleop.egg-info/entry_points.txt
[3.720s] writing requirements to turtlebot3_teleop.egg-info/requires.txt
[3.720s] writing top-level names to turtlebot3_teleop.egg-info/top_level.txt
[3.720s] writing manifest file 'turtlebot3_teleop.egg-info/SOURCES.txt'
[3.788s] reading manifest file 'turtlebot3_teleop.egg-info/SOURCES.txt'
[3.788s] writing manifest file 'turtlebot3_teleop.egg-info/SOURCES.txt'
[3.822s] running build_ext
[3.824s] Creating /home/radxa/turtlebot3_ws/install/turtlebot3_teleop/lib/python3.12/site-packages/turtlebot3-teleop.egg-link (link to .)
[3.825s] Installing teleop_keyboard script to /home/radxa/turtlebot3_ws/install/turtlebot3_teleop/lib/turtlebot3_teleop
[3.826s] 
[3.826s] Installed /home/radxa/turtlebot3_ws/build/turtlebot3_teleop
[3.826s] running symlink_data
[3.826s] creating /home/radxa/turtlebot3_ws/install/turtlebot3_teleop/share/ament_index
[3.826s] creating /home/radxa/turtlebot3_ws/install/turtlebot3_teleop/share/ament_index/resource_index
[3.827s] creating /home/radxa/turtlebot3_ws/install/turtlebot3_teleop/share/ament_index/resource_index/packages
[3.827s] symbolically linking /home/radxa/turtlebot3_ws/build/turtlebot3_teleop/resource/turtlebot3_teleop -> /home/radxa/turtlebot3_ws/install/turtlebot3_teleop/share/ament_index/resource_index/packages
[3.827s] symbolically linking /home/radxa/turtlebot3_ws/build/turtlebot3_teleop/package.xml -> /home/radxa/turtlebot3_ws/install/turtlebot3_teleop/share/turtlebot3_teleop
[3.901s] Invoked command in '/home/radxa/turtlebot3_ws/build/turtlebot3_teleop' returned '0': PYTHONPATH=/home/radxa/turtlebot3_ws/build/turtlebot3_teleop/prefix_override:/usr/lib/python3/dist-packages/colcon_core/task/python/colcon_distutils_commands:/home/radxa/turtlebot3_ws/install/turtlebot3_teleop/lib/python3.12/site-packages:${PYTHONPATH} /usr/bin/python3 -W ignore:setup.py install is deprecated -W ignore:easy_install command is deprecated setup.py develop --editable --build-directory /home/radxa/turtlebot3_ws/build/turtlebot3_teleop/build --no-deps symlink_data
